5:48:05 PM
Executing (default): SELECT 1+1 AS result
5:48:05 PM
Executing (default): SELECT 1+1 AS result
5:48:05 PM
Executing (default): CREATE TABLE IF NOT EXISTS `SequelizeMeta` (`name` VARCHAR(255) NOT NULL UNIQUE , PRIMARY KEY (`name`)) ENGINE=InnoDB DEFAULT CHARSET=utf8 COLLATE utf8_unicode_ci;
5:48:05 PM
Executing (default): SHOW INDEX FROM `SequelizeMeta`
5:48:06 PM
Executing (default): SELECT `name` FROM `SequelizeMeta` AS `SequelizeMeta` ORDER BY `SequelizeMeta`.`name` ASC;
5:52:19 PM
Executing (default): SELECT 1+1 AS result
5:52:19 PM
Executing (default): SELECT 1+1 AS result
5:52:19 PM
Executing (default): CREATE TABLE IF NOT EXISTS `SequelizeMeta` (`name` VARCHAR(255) NOT NULL UNIQUE , PRIMARY KEY (`name`)) ENGINE=InnoDB DEFAULT CHARSET=utf8 COLLATE utf8_unicode_ci;
5:52:19 PM
Executing (default): SHOW INDEX FROM `SequelizeMeta`
5:52:19 PM
Executing (default): SELECT `name` FROM `SequelizeMeta` AS `SequelizeMeta` ORDER BY `SequelizeMeta`.`name` ASC;
5:52:57 PM
Executing (default): SELECT 1+1 AS result
5:52:57 PM
Executing (default): SELECT 1+1 AS result
5:52:57 PM
Executing (default): CREATE TABLE IF NOT EXISTS `SequelizeMeta` (`name` VARCHAR(255) NOT NULL UNIQUE , PRIMARY KEY (`name`)) ENGINE=InnoDB DEFAULT CHARSET=utf8 COLLATE utf8_unicode_ci;
5:52:57 PM
Executing (default): SHOW INDEX FROM `SequelizeMeta`
5:52:57 PM
Executing (default): SELECT `name` FROM `SequelizeMeta` AS `SequelizeMeta` ORDER BY `SequelizeMeta`.`name` ASC;
5:53:39 PM
Executing (default): SELECT 1+1 AS result
5:53:39 PM
Executing (default): SELECT 1+1 AS result
5:53:39 PM
Executing (default): CREATE TABLE IF NOT EXISTS `SequelizeMeta` (`name` VARCHAR(255) NOT NULL UNIQUE , PRIMARY KEY (`name`)) ENGINE=InnoDB DEFAULT CHARSET=utf8 COLLATE utf8_unicode_ci;
5:53:39 PM
Executing (default): SHOW INDEX FROM `SequelizeMeta`
5:53:39 PM
Executing (default): SELECT `name` FROM `SequelizeMeta` AS `SequelizeMeta` ORDER BY `SequelizeMeta`.`name` ASC;
5:55:04 PM
Executing (default): SELECT 1+1 AS result
5:55:04 PM
Executing (default): SELECT 1+1 AS result
5:55:04 PM
Executing (default): CREATE TABLE IF NOT EXISTS `SequelizeMeta` (`name` VARCHAR(255) NOT NULL UNIQUE , PRIMARY KEY (`name`)) ENGINE=InnoDB DEFAULT CHARSET=utf8 COLLATE utf8_unicode_ci;
5:55:04 PM
Executing (default): SHOW INDEX FROM `SequelizeMeta`
5:55:04 PM
Executing (default): SELECT `name` FROM `SequelizeMeta` AS `SequelizeMeta` ORDER BY `SequelizeMeta`.`name` ASC;
5:57:03 PM
Executing (default): SELECT 1+1 AS result
5:57:03 PM
Executing (default): SELECT 1+1 AS result
5:57:03 PM
Executing (default): CREATE TABLE IF NOT EXISTS `SequelizeMeta` (`name` VARCHAR(255) NOT NULL UNIQUE , PRIMARY KEY (`name`)) ENGINE=InnoDB DEFAULT CHARSET=utf8 COLLATE utf8_unicode_ci;
5:57:03 PM
Executing (default): SHOW INDEX FROM `SequelizeMeta`
5:57:03 PM
Executing (default): SELECT `name` FROM `SequelizeMeta` AS `SequelizeMeta` ORDER BY `SequelizeMeta`.`name` ASC;
5:57:44 PM
Executing (default): SELECT 1+1 AS result
5:57:44 PM
Executing (default): SELECT 1+1 AS result
5:57:44 PM
Executing (default): CREATE TABLE IF NOT EXISTS `SequelizeMeta` (`name` VARCHAR(255) NOT NULL UNIQUE , PRIMARY KEY (`name`)) ENGINE=InnoDB DEFAULT CHARSET=utf8 COLLATE utf8_unicode_ci;
5:57:44 PM
Executing (default): SHOW INDEX FROM `SequelizeMeta`
5:57:44 PM
Executing (default): SELECT `name` FROM `SequelizeMeta` AS `SequelizeMeta` ORDER BY `SequelizeMeta`.`name` ASC;
5:58:03 PM
Executing (default): SELECT 1+1 AS result
5:58:03 PM
Executing (default): SELECT 1+1 AS result
5:58:03 PM
Executing (default): CREATE TABLE IF NOT EXISTS `SequelizeMeta` (`name` VARCHAR(255) NOT NULL UNIQUE , PRIMARY KEY (`name`)) ENGINE=InnoDB DEFAULT CHARSET=utf8 COLLATE utf8_unicode_ci;
5:58:03 PM
Executing (default): SHOW INDEX FROM `SequelizeMeta`
5:58:03 PM
Executing (default): SELECT `name` FROM `SequelizeMeta` AS `SequelizeMeta` ORDER BY `SequelizeMeta`.`name` ASC;
5:59:49 PM
Executing (default): SELECT 1+1 AS result
5:59:49 PM
Executing (default): SELECT 1+1 AS result
5:59:49 PM
Executing (default): CREATE TABLE IF NOT EXISTS `SequelizeMeta` (`name` VARCHAR(255) NOT NULL UNIQUE , PRIMARY KEY (`name`)) ENGINE=InnoDB DEFAULT CHARSET=utf8 COLLATE utf8_unicode_ci;
5:59:49 PM
Executing (default): SHOW INDEX FROM `SequelizeMeta`
5:59:49 PM
Executing (default): SELECT `name` FROM `SequelizeMeta` AS `SequelizeMeta` ORDER BY `SequelizeMeta`.`name` ASC;
6:04:28 PM
Executing (default): SELECT 1+1 AS result
6:04:28 PM
Executing (default): SELECT 1+1 AS result
6:04:28 PM
Executing (default): CREATE TABLE IF NOT EXISTS `SequelizeMeta` (`name` VARCHAR(255) NOT NULL UNIQUE , PRIMARY KEY (`name`)) ENGINE=InnoDB DEFAULT CHARSET=utf8 COLLATE utf8_unicode_ci;
6:04:28 PM
Executing (default): SHOW INDEX FROM `SequelizeMeta`
6:04:28 PM
Executing (default): SELECT `name` FROM `SequelizeMeta` AS `SequelizeMeta` ORDER BY `SequelizeMeta`.`name` ASC;
6:09:53 PM
Executing (default): SELECT 1+1 AS result
6:09:53 PM
Executing (default): SELECT 1+1 AS result
6:09:53 PM
Executing (default): CREATE TABLE IF NOT EXISTS `SequelizeMeta` (`name` VARCHAR(255) NOT NULL UNIQUE , PRIMARY KEY (`name`)) ENGINE=InnoDB DEFAULT CHARSET=utf8 COLLATE utf8_unicode_ci;
6:09:53 PM
Executing (default): SHOW INDEX FROM `SequelizeMeta`
6:09:53 PM
Executing (default): SELECT `name` FROM `SequelizeMeta` AS `SequelizeMeta` ORDER BY `SequelizeMeta`.`name` ASC;
6:10:49 PM
Executing (default): SELECT 1+1 AS result
6:10:49 PM
Executing (default): SELECT 1+1 AS result
6:10:49 PM
Executing (default): CREATE TABLE IF NOT EXISTS `SequelizeMeta` (`name` VARCHAR(255) NOT NULL UNIQUE , PRIMARY KEY (`name`)) ENGINE=InnoDB DEFAULT CHARSET=utf8 COLLATE utf8_unicode_ci;
6:10:49 PM
Executing (default): SHOW INDEX FROM `SequelizeMeta`
6:10:49 PM
Executing (default): SELECT `name` FROM `SequelizeMeta` AS `SequelizeMeta` ORDER BY `SequelizeMeta`.`name` ASC;
6:13:00 PM
Executing (default): SELECT 1+1 AS result
6:13:00 PM
Executing (default): SELECT 1+1 AS result
6:13:00 PM
Executing (default): CREATE TABLE IF NOT EXISTS `SequelizeMeta` (`name` VARCHAR(255) NOT NULL UNIQUE , PRIMARY KEY (`name`)) ENGINE=InnoDB DEFAULT CHARSET=utf8 COLLATE utf8_unicode_ci;
6:13:00 PM
Executing (default): SHOW INDEX FROM `SequelizeMeta`
6:13:00 PM
Executing (default): SELECT `name` FROM `SequelizeMeta` AS `SequelizeMeta` ORDER BY `SequelizeMeta`.`name` ASC;
6:15:06 PM
Executing (default): SELECT 1+1 AS result
6:15:06 PM
Executing (default): SELECT 1+1 AS result
6:15:06 PM
Executing (default): CREATE TABLE IF NOT EXISTS `SequelizeMeta` (`name` VARCHAR(255) NOT NULL UNIQUE , PRIMARY KEY (`name`)) ENGINE=InnoDB DEFAULT CHARSET=utf8 COLLATE utf8_unicode_ci;
6:15:06 PM
Executing (default): SHOW INDEX FROM `SequelizeMeta`
6:15:06 PM
Executing (default): SELECT `name` FROM `SequelizeMeta` AS `SequelizeMeta` ORDER BY `SequelizeMeta`.`name` ASC;
6:16:48 PM
Executing (default): SELECT 1+1 AS result
6:16:48 PM
Executing (default): SELECT 1+1 AS result
6:16:48 PM
Executing (default): CREATE TABLE IF NOT EXISTS `SequelizeMeta` (`name` VARCHAR(255) NOT NULL UNIQUE , PRIMARY KEY (`name`)) ENGINE=InnoDB DEFAULT CHARSET=utf8 COLLATE utf8_unicode_ci;
6:16:48 PM
Executing (default): SHOW INDEX FROM `SequelizeMeta`
6:16:48 PM
Executing (default): SELECT `name` FROM `SequelizeMeta` AS `SequelizeMeta` ORDER BY `SequelizeMeta`.`name` ASC;
6:33:27 PM
Executing (default): SELECT 1+1 AS result
6:33:27 PM
Executing (default): SELECT 1+1 AS result
6:33:27 PM
Executing (default): CREATE TABLE IF NOT EXISTS `SequelizeMeta` (`name` VARCHAR(255) NOT NULL UNIQUE , PRIMARY KEY (`name`)) ENGINE=InnoDB DEFAULT CHARSET=utf8 COLLATE utf8_unicode_ci;
6:33:27 PM
Executing (default): SHOW INDEX FROM `SequelizeMeta`
6:33:27 PM
Executing (default): SELECT `name` FROM `SequelizeMeta` AS `SequelizeMeta` ORDER BY `SequelizeMeta`.`name` ASC;
